<?xml version="1.0" encoding="UTF-8"?>
<testsuite name="View_tests.TestView-20220206153014" tests="7" file="View_tests.py" time="0.007" timestamp="2022-02-06T15:30:14" failures="0" errors="0" skipped="0">
	<testcase classname="View_tests.TestView" name="test_article_suggestions_page" time="0.001" timestamp="2022-02-06T15:30:14"/>
	<testcase classname="View_tests.TestView" name="test_comment_on_article_suggestion_page" time="0.001" timestamp="2022-02-06T15:30:14"/>
	<testcase classname="View_tests.TestView" name="test_general_editors_dashboard" time="0.001" timestamp="2022-02-06T15:30:14"/>
	<testcase classname="View_tests.TestView" name="test_new_article_suggestions_page" time="0.001" timestamp="2022-02-06T15:30:14"/>
	<testcase classname="View_tests.TestView" name="test_print_invalid_input" time="0.001" timestamp="2022-02-06T15:30:14"/>
	<testcase classname="View_tests.TestView" name="test_review_suggested_article_page" time="0.001" timestamp="2022-02-06T15:30:14"/>
	<testcase classname="View_tests.TestView" name="test_reviewed_article_suggestions_page" time="0.001" timestamp="2022-02-06T15:30:14"/>
</testsuite>
