<?xml version="1.0" encoding="UTF-8"?>
<testsuite name="Model_tests.TestModel-20220128125423" tests="4" file="Model_tests.py" time="0.058" timestamp="2022-01-28T12:54:24" failures="0" errors="0" skipped="0">
	<testcase classname="Model_tests.TestModel" name="test_filter_articles_by_title" time="0.053" timestamp="2022-01-28T12:54:24"/>
	<testcase classname="Model_tests.TestModel" name="test_filter_contributors_by_last_name" time="0.001" timestamp="2022-01-28T12:54:24"/>
	<testcase classname="Model_tests.TestModel" name="test_get_all_article_suggestions" time="0.004" timestamp="2022-01-28T12:54:24"/>
	<testcase classname="Model_tests.TestModel" name="test_get_article_suggestion_by_id" time="0.001" timestamp="2022-01-28T12:54:24"/>
</testsuite>
