<?xml version="1.0" encoding="UTF-8"?>
<testsuite name="Model_tests.TestModel-20220129173606" tests="4" file="Model_tests.py" time="0.061" timestamp="2022-01-29T17:36:07" failures="0" errors="0" skipped="0">
	<testcase classname="Model_tests.TestModel" name="test_filter_articles_by_title" time="0.055" timestamp="2022-01-29T17:36:07"/>
	<testcase classname="Model_tests.TestModel" name="test_filter_contributors_by_last_name" time="0.001" timestamp="2022-01-29T17:36:07"/>
	<testcase classname="Model_tests.TestModel" name="test_get_all_article_suggestions" time="0.004" timestamp="2022-01-29T17:36:07"/>
	<testcase classname="Model_tests.TestModel" name="test_get_article_suggestion_by_id" time="0.002" timestamp="2022-01-29T17:36:07"/>
</testsuite>
