<?xml version="1.0" encoding="UTF-8"?>
<testsuite name="Model_tests.TestModel-20220123105710" tests="4" file="Model_tests.py" time="0.072" timestamp="2022-01-23T10:57:11" failures="0" errors="0" skipped="0">
	<testcase classname="Model_tests.TestModel" name="test_filter_articles_by_title" time="0.065" timestamp="2022-01-23T10:57:11"/>
	<testcase classname="Model_tests.TestModel" name="test_filter_contributors_by_last_name" time="0.001" timestamp="2022-01-23T10:57:11"/>
	<testcase classname="Model_tests.TestModel" name="test_get_all_article_suggestions" time="0.005" timestamp="2022-01-23T10:57:11"/>
	<testcase classname="Model_tests.TestModel" name="test_get_article_suggestion_by_id" time="0.001" timestamp="2022-01-23T10:57:11"/>
</testsuite>
